Checking whether the ASM compiler is GNU using "--version" did not match "(GNU assembler)|(GCC)|(Free Software Foundation)":
Apple clang version 14.0.3 (clang-1403.0.22.14.1)
Target: arm64-apple-darwin23.0.0
Thread model: posix
InstalledDir: /Library/Developer/CommandLineTools/usr/bin
Determining if the include file link.h exists failed with the following output:
Change Dir: /Users/rkrsn/workspace/raptor-oss/llvm-slicer/cmake-build-debug/CMakeFiles/CMakeScratch/TryCompile-sdajLT

Run Build Command(s):/Applications/CLion.app/Contents/bin/ninja/mac/ninja cmTC_a895a && [1/2] Building C object CMakeFiles/cmTC_a895a.dir/CheckIncludeFile.c.o
FAILED: CMakeFiles/cmTC_a895a.dir/CheckIncludeFile.c.o 
/Library/Developer/CommandLineTools/usr/bin/cc   -arch arm64 -isysroot /Library/Developer/CommandLineTools/SDKs/MacOSX13.3.sdk -fcolor-diagnostics -MD -MT CMakeFiles/cmTC_a895a.dir/CheckIncludeFile.c.o -MF CMakeFiles/cmTC_a895a.dir/CheckIncludeFile.c.o.d -o CMakeFiles/cmTC_a895a.dir/CheckIncludeFile.c.o -c /Users/rkrsn/workspace/raptor-oss/llvm-slicer/cmake-build-debug/CMakeFiles/CMakeScratch/TryCompile-sdajLT/CheckIncludeFile.c
/Users/rkrsn/workspace/raptor-oss/llvm-slicer/cmake-build-debug/CMakeFiles/CMakeScratch/TryCompile-sdajLT/CheckIncludeFile.c:1:10: fatal error: 'link.h' file not found
#include <link.h>
         ^~~~~~~~
1 error generated.
ninja: build stopped: subcommand failed.



Determining if the include file valgrind/valgrind.h exists failed with the following output:
Change Dir: /Users/rkrsn/workspace/raptor-oss/llvm-slicer/cmake-build-debug/CMakeFiles/CMakeScratch/TryCompile-vltS13

Run Build Command(s):/Applications/CLion.app/Contents/bin/ninja/mac/ninja cmTC_8cf18 && [1/2] Building C object CMakeFiles/cmTC_8cf18.dir/CheckIncludeFile.c.o
FAILED: CMakeFiles/cmTC_8cf18.dir/CheckIncludeFile.c.o 
/Library/Developer/CommandLineTools/usr/bin/cc   -arch arm64 -isysroot /Library/Developer/CommandLineTools/SDKs/MacOSX13.3.sdk -fcolor-diagnostics -MD -MT CMakeFiles/cmTC_8cf18.dir/CheckIncludeFile.c.o -MF CMakeFiles/cmTC_8cf18.dir/CheckIncludeFile.c.o.d -o CMakeFiles/cmTC_8cf18.dir/CheckIncludeFile.c.o -c /Users/rkrsn/workspace/raptor-oss/llvm-slicer/cmake-build-debug/CMakeFiles/CMakeScratch/TryCompile-vltS13/CheckIncludeFile.c
/Users/rkrsn/workspace/raptor-oss/llvm-slicer/cmake-build-debug/CMakeFiles/CMakeScratch/TryCompile-vltS13/CheckIncludeFile.c:1:10: fatal error: 'valgrind/valgrind.h' file not found
#include <valgrind/valgrind.h>
         ^~~~~~~~~~~~~~~~~~~~~
1 error generated.
ninja: build stopped: subcommand failed.



Determining if the include file CrashReporterClient.h exists failed with the following output:
Change Dir: /Users/rkrsn/workspace/raptor-oss/llvm-slicer/cmake-build-debug/CMakeFiles/CMakeScratch/TryCompile-9Hl4iG

Run Build Command(s):/Applications/CLion.app/Contents/bin/ninja/mac/ninja cmTC_d950c && [1/2] Building C object CMakeFiles/cmTC_d950c.dir/CheckIncludeFile.c.o
FAILED: CMakeFiles/cmTC_d950c.dir/CheckIncludeFile.c.o 
/Library/Developer/CommandLineTools/usr/bin/cc   -arch arm64 -isysroot /Library/Developer/CommandLineTools/SDKs/MacOSX13.3.sdk -fcolor-diagnostics -MD -MT CMakeFiles/cmTC_d950c.dir/CheckIncludeFile.c.o -MF CMakeFiles/cmTC_d950c.dir/CheckIncludeFile.c.o.d -o CMakeFiles/cmTC_d950c.dir/CheckIncludeFile.c.o -c /Users/rkrsn/workspace/raptor-oss/llvm-slicer/cmake-build-debug/CMakeFiles/CMakeScratch/TryCompile-9Hl4iG/CheckIncludeFile.c
/Users/rkrsn/workspace/raptor-oss/llvm-slicer/cmake-build-debug/CMakeFiles/CMakeScratch/TryCompile-9Hl4iG/CheckIncludeFile.c:1:10: fatal error: 'CrashReporterClient.h' file not found
#include <CrashReporterClient.h>
         ^~~~~~~~~~~~~~~~~~~~~~~
1 error generated.
ninja: build stopped: subcommand failed.



Determining if the function clock_gettime exists in the rt failed with the following output:
Change Dir: /Users/rkrsn/workspace/raptor-oss/llvm-slicer/cmake-build-debug/CMakeFiles/CMakeScratch/TryCompile-ytZnKi

Run Build Command(s):/Applications/CLion.app/Contents/bin/ninja/mac/ninja cmTC_738cb && [1/2] Building C object CMakeFiles/cmTC_738cb.dir/CheckFunctionExists.c.o
[2/2] Linking C executable cmTC_738cb
FAILED: cmTC_738cb 
: && /Library/Developer/CommandLineTools/usr/bin/cc -DCHECK_FUNCTION_EXISTS=clock_gettime -arch arm64 -isysroot /Library/Developer/CommandLineTools/SDKs/MacOSX13.3.sdk -Wl,-search_paths_first -Wl,-headerpad_max_install_names -L/opt/homebrew/opt/llvm@13/lib CMakeFiles/cmTC_738cb.dir/CheckFunctionExists.c.o -o cmTC_738cb  -lrt && :
ld: library not found for -lrt
clang: error: linker command failed with exit code 1 (use -v to see invocation)
ninja: build stopped: subcommand failed.



Determining if the function pfm_initialize exists in the pfm failed with the following output:
Change Dir: /Users/rkrsn/workspace/raptor-oss/llvm-slicer/cmake-build-debug/CMakeFiles/CMakeScratch/TryCompile-YA1pMz

Run Build Command(s):/Applications/CLion.app/Contents/bin/ninja/mac/ninja cmTC_cef80 && [1/2] Building C object CMakeFiles/cmTC_cef80.dir/CheckFunctionExists.c.o
[2/2] Linking C executable cmTC_cef80
FAILED: cmTC_cef80 
: && /Library/Developer/CommandLineTools/usr/bin/cc -DCHECK_FUNCTION_EXISTS=pfm_initialize -arch arm64 -isysroot /Library/Developer/CommandLineTools/SDKs/MacOSX13.3.sdk -Wl,-search_paths_first -Wl,-headerpad_max_install_names -L/opt/homebrew/opt/llvm@13/lib CMakeFiles/cmTC_cef80.dir/CheckFunctionExists.c.o -o cmTC_cef80  -lpfm && :
ld: library not found for -lpfm
clang: error: linker command failed with exit code 1 (use -v to see invocation)
ninja: build stopped: subcommand failed.



Determining if the posix_fallocate exist failed with the following output:
Change Dir: /Users/rkrsn/workspace/raptor-oss/llvm-slicer/cmake-build-debug/CMakeFiles/CMakeScratch/TryCompile-tzfld6

Run Build Command(s):/Applications/CLion.app/Contents/bin/ninja/mac/ninja cmTC_e090f && [1/2] Building C object CMakeFiles/cmTC_e090f.dir/CheckSymbolExists.c.o
FAILED: CMakeFiles/cmTC_e090f.dir/CheckSymbolExists.c.o 
/Library/Developer/CommandLineTools/usr/bin/cc   -Werror=unguarded-availability-new -arch arm64 -isysroot /Library/Developer/CommandLineTools/SDKs/MacOSX13.3.sdk -fcolor-diagnostics -MD -MT CMakeFiles/cmTC_e090f.dir/CheckSymbolExists.c.o -MF CMakeFiles/cmTC_e090f.dir/CheckSymbolExists.c.o.d -o CMakeFiles/cmTC_e090f.dir/CheckSymbolExists.c.o -c /Users/rkrsn/workspace/raptor-oss/llvm-slicer/cmake-build-debug/CMakeFiles/CMakeScratch/TryCompile-tzfld6/CheckSymbolExists.c
/Users/rkrsn/workspace/raptor-oss/llvm-slicer/cmake-build-debug/CMakeFiles/CMakeScratch/TryCompile-tzfld6/CheckSymbolExists.c:8:19: error: use of undeclared identifier 'posix_fallocate'
  return ((int*)(&posix_fallocate))[argc];
                  ^
1 error generated.
ninja: build stopped: subcommand failed.


File CheckSymbolExists.c:
/* */
#include <fcntl.h>

int main(int argc, char** argv)
{
  (void)argv;
#ifndef posix_fallocate
  return ((int*)(&posix_fallocate))[argc];
#else
  (void)argc;
  return 0;
#endif
}

Determining if the lseek64 exist failed with the following output:
Change Dir: /Users/rkrsn/workspace/raptor-oss/llvm-slicer/cmake-build-debug/CMakeFiles/CMakeScratch/TryCompile-wsl203

Run Build Command(s):/Applications/CLion.app/Contents/bin/ninja/mac/ninja cmTC_27364 && [1/2] Building C object CMakeFiles/cmTC_27364.dir/CheckSymbolExists.c.o
FAILED: CMakeFiles/cmTC_27364.dir/CheckSymbolExists.c.o 
/Library/Developer/CommandLineTools/usr/bin/cc -D_LARGEFILE64_SOURCE  -Werror=unguarded-availability-new -arch arm64 -isysroot /Library/Developer/CommandLineTools/SDKs/MacOSX13.3.sdk -fcolor-diagnostics -MD -MT CMakeFiles/cmTC_27364.dir/CheckSymbolExists.c.o -MF CMakeFiles/cmTC_27364.dir/CheckSymbolExists.c.o.d -o CMakeFiles/cmTC_27364.dir/CheckSymbolExists.c.o -c /Users/rkrsn/workspace/raptor-oss/llvm-slicer/cmake-build-debug/CMakeFiles/CMakeScratch/TryCompile-wsl203/CheckSymbolExists.c
/Users/rkrsn/workspace/raptor-oss/llvm-slicer/cmake-build-debug/CMakeFiles/CMakeScratch/TryCompile-wsl203/CheckSymbolExists.c:9:19: error: use of undeclared identifier 'lseek64'; did you mean 'lseek'?
  return ((int*)(&lseek64))[argc];
                  ^~~~~~~
                  lseek
/Library/Developer/CommandLineTools/SDKs/MacOSX13.3.sdk/usr/include/unistd.h:465:8: note: 'lseek' declared here
off_t    lseek(int, off_t, int);
         ^
1 error generated.
ninja: build stopped: subcommand failed.


File CheckSymbolExists.c:
/* */
#include <sys/types.h>
#include <unistd.h>

int main(int argc, char** argv)
{
  (void)argv;
#ifndef lseek64
  return ((int*)(&lseek64))[argc];
#else
  (void)argc;
  return 0;
#endif
}

Determining if the mallctl exist failed with the following output:
Change Dir: /Users/rkrsn/workspace/raptor-oss/llvm-slicer/cmake-build-debug/CMakeFiles/CMakeScratch/TryCompile-jzEHnN

Run Build Command(s):/Applications/CLion.app/Contents/bin/ninja/mac/ninja cmTC_88257 && [1/2] Building C object CMakeFiles/cmTC_88257.dir/CheckSymbolExists.c.o
FAILED: CMakeFiles/cmTC_88257.dir/CheckSymbolExists.c.o 
/Library/Developer/CommandLineTools/usr/bin/cc   -Werror=unguarded-availability-new -arch arm64 -isysroot /Library/Developer/CommandLineTools/SDKs/MacOSX13.3.sdk -fcolor-diagnostics -MD -MT CMakeFiles/cmTC_88257.dir/CheckSymbolExists.c.o -MF CMakeFiles/cmTC_88257.dir/CheckSymbolExists.c.o.d -o CMakeFiles/cmTC_88257.dir/CheckSymbolExists.c.o -c /Users/rkrsn/workspace/raptor-oss/llvm-slicer/cmake-build-debug/CMakeFiles/CMakeScratch/TryCompile-jzEHnN/CheckSymbolExists.c
/Users/rkrsn/workspace/raptor-oss/llvm-slicer/cmake-build-debug/CMakeFiles/CMakeScratch/TryCompile-jzEHnN/CheckSymbolExists.c:2:10: fatal error: 'malloc_np.h' file not found
#include <malloc_np.h>
         ^~~~~~~~~~~~~
1 error generated.
ninja: build stopped: subcommand failed.


File CheckSymbolExists.c:
/* */
#include <malloc_np.h>

int main(int argc, char** argv)
{
  (void)argv;
#ifndef mallctl
  return ((int*)(&mallctl))[argc];
#else
  (void)argc;
  return 0;
#endif
}

Determining if the mallinfo exist failed with the following output:
Change Dir: /Users/rkrsn/workspace/raptor-oss/llvm-slicer/cmake-build-debug/CMakeFiles/CMakeScratch/TryCompile-lZGrjy

Run Build Command(s):/Applications/CLion.app/Contents/bin/ninja/mac/ninja cmTC_5ece6 && [1/2] Building C object CMakeFiles/cmTC_5ece6.dir/CheckSymbolExists.c.o
FAILED: CMakeFiles/cmTC_5ece6.dir/CheckSymbolExists.c.o 
/Library/Developer/CommandLineTools/usr/bin/cc   -Werror=unguarded-availability-new -arch arm64 -isysroot /Library/Developer/CommandLineTools/SDKs/MacOSX13.3.sdk -fcolor-diagnostics -MD -MT CMakeFiles/cmTC_5ece6.dir/CheckSymbolExists.c.o -MF CMakeFiles/cmTC_5ece6.dir/CheckSymbolExists.c.o.d -o CMakeFiles/cmTC_5ece6.dir/CheckSymbolExists.c.o -c /Users/rkrsn/workspace/raptor-oss/llvm-slicer/cmake-build-debug/CMakeFiles/CMakeScratch/TryCompile-lZGrjy/CheckSymbolExists.c
/Users/rkrsn/workspace/raptor-oss/llvm-slicer/cmake-build-debug/CMakeFiles/CMakeScratch/TryCompile-lZGrjy/CheckSymbolExists.c:2:10: fatal error: 'malloc.h' file not found
#include <malloc.h>
         ^~~~~~~~~~
1 error generated.
ninja: build stopped: subcommand failed.


File CheckSymbolExists.c:
/* */
#include <malloc.h>

int main(int argc, char** argv)
{
  (void)argv;
#ifndef mallinfo
  return ((int*)(&mallinfo))[argc];
#else
  (void)argc;
  return 0;
#endif
}

Determining if the mallinfo2 exist failed with the following output:
Change Dir: /Users/rkrsn/workspace/raptor-oss/llvm-slicer/cmake-build-debug/CMakeFiles/CMakeScratch/TryCompile-rgEF7M

Run Build Command(s):/Applications/CLion.app/Contents/bin/ninja/mac/ninja cmTC_14ba8 && [1/2] Building C object CMakeFiles/cmTC_14ba8.dir/CheckSymbolExists.c.o
FAILED: CMakeFiles/cmTC_14ba8.dir/CheckSymbolExists.c.o 
/Library/Developer/CommandLineTools/usr/bin/cc   -Werror=unguarded-availability-new -arch arm64 -isysroot /Library/Developer/CommandLineTools/SDKs/MacOSX13.3.sdk -fcolor-diagnostics -MD -MT CMakeFiles/cmTC_14ba8.dir/CheckSymbolExists.c.o -MF CMakeFiles/cmTC_14ba8.dir/CheckSymbolExists.c.o.d -o CMakeFiles/cmTC_14ba8.dir/CheckSymbolExists.c.o -c /Users/rkrsn/workspace/raptor-oss/llvm-slicer/cmake-build-debug/CMakeFiles/CMakeScratch/TryCompile-rgEF7M/CheckSymbolExists.c
/Users/rkrsn/workspace/raptor-oss/llvm-slicer/cmake-build-debug/CMakeFiles/CMakeScratch/TryCompile-rgEF7M/CheckSymbolExists.c:2:10: fatal error: 'malloc.h' file not found
#include <malloc.h>
         ^~~~~~~~~~
1 error generated.
ninja: build stopped: subcommand failed.


File CheckSymbolExists.c:
/* */
#include <malloc.h>

int main(int argc, char** argv)
{
  (void)argv;
#ifndef mallinfo2
  return ((int*)(&mallinfo2))[argc];
#else
  (void)argc;
  return 0;
#endif
}

Determining if the strerror_s exist failed with the following output:
Change Dir: /Users/rkrsn/workspace/raptor-oss/llvm-slicer/cmake-build-debug/CMakeFiles/CMakeScratch/TryCompile-mSrxnA

Run Build Command(s):/Applications/CLion.app/Contents/bin/ninja/mac/ninja cmTC_a7100 && [1/2] Building C object CMakeFiles/cmTC_a7100.dir/CheckSymbolExists.c.o
FAILED: CMakeFiles/cmTC_a7100.dir/CheckSymbolExists.c.o 
/Library/Developer/CommandLineTools/usr/bin/cc   -Werror=unguarded-availability-new -arch arm64 -isysroot /Library/Developer/CommandLineTools/SDKs/MacOSX13.3.sdk -fcolor-diagnostics -MD -MT CMakeFiles/cmTC_a7100.dir/CheckSymbolExists.c.o -MF CMakeFiles/cmTC_a7100.dir/CheckSymbolExists.c.o.d -o CMakeFiles/cmTC_a7100.dir/CheckSymbolExists.c.o -c /Users/rkrsn/workspace/raptor-oss/llvm-slicer/cmake-build-debug/CMakeFiles/CMakeScratch/TryCompile-mSrxnA/CheckSymbolExists.c
/Users/rkrsn/workspace/raptor-oss/llvm-slicer/cmake-build-debug/CMakeFiles/CMakeScratch/TryCompile-mSrxnA/CheckSymbolExists.c:8:19: error: use of undeclared identifier 'strerror_s'; did you mean 'strerror_r'?
  return ((int*)(&strerror_s))[argc];
                  ^~~~~~~~~~
                  strerror_r
/Library/Developer/CommandLineTools/SDKs/MacOSX13.3.sdk/usr/include/string.h:116:6: note: 'strerror_r' declared here
int      strerror_r(int __errnum, char *__strerrbuf, size_t __buflen);
         ^
1 error generated.
ninja: build stopped: subcommand failed.


File CheckSymbolExists.c:
/* */
#include <string.h>

int main(int argc, char** argv)
{
  (void)argv;
#ifndef strerror_s
  return ((int*)(&strerror_s))[argc];
#else
  (void)argc;
  return 0;
#endif
}

Performing C SOURCE FILE Test HAVE_STRUCT_STAT_ST_MTIM_TV_NSEC failed with the following output:
Change Dir: /Users/rkrsn/workspace/raptor-oss/llvm-slicer/cmake-build-debug/CMakeFiles/CMakeScratch/TryCompile-o4HnBz

Run Build Command(s):/Applications/CLion.app/Contents/bin/ninja/mac/ninja cmTC_30236 && [1/2] Building C object CMakeFiles/cmTC_30236.dir/src.c.o
FAILED: CMakeFiles/cmTC_30236.dir/src.c.o 
/Library/Developer/CommandLineTools/usr/bin/cc -DHAVE_STRUCT_STAT_ST_MTIM_TV_NSEC  -Werror=unguarded-availability-new -arch arm64 -isysroot /Library/Developer/CommandLineTools/SDKs/MacOSX13.3.sdk -fcolor-diagnostics -MD -MT CMakeFiles/cmTC_30236.dir/src.c.o -MF CMakeFiles/cmTC_30236.dir/src.c.o.d -o CMakeFiles/cmTC_30236.dir/src.c.o -c /Users/rkrsn/workspace/raptor-oss/llvm-slicer/cmake-build-debug/CMakeFiles/CMakeScratch/TryCompile-o4HnBz/src.c
/Users/rkrsn/workspace/raptor-oss/llvm-slicer/cmake-build-debug/CMakeFiles/CMakeScratch/TryCompile-o4HnBz/src.c:7:36: error: no member named 'st_mtim' in 'struct stat'
  (void)sizeof(((struct stat *)0)->st_mtim.tv_nsec);
               ~~~~~~~~~~~~~~~~~~  ^
1 error generated.
ninja: build stopped: subcommand failed.


Source file was:

#include <sys/types.h>
#include <sys/stat.h>

int main()
{
  (void)sizeof(((struct stat *)0)->st_mtim.tv_nsec);
  return 0;
}


Determining if the __GLIBC__ exist failed with the following output:
Change Dir: /Users/rkrsn/workspace/raptor-oss/llvm-slicer/cmake-build-debug/CMakeFiles/CMakeScratch/TryCompile-1XiQAn

Run Build Command(s):/Applications/CLion.app/Contents/bin/ninja/mac/ninja cmTC_6fca4 && [1/2] Building C object CMakeFiles/cmTC_6fca4.dir/CheckSymbolExists.c.o
FAILED: CMakeFiles/cmTC_6fca4.dir/CheckSymbolExists.c.o 
/Library/Developer/CommandLineTools/usr/bin/cc   -Werror=unguarded-availability-new -arch arm64 -isysroot /Library/Developer/CommandLineTools/SDKs/MacOSX13.3.sdk -fcolor-diagnostics -MD -MT CMakeFiles/cmTC_6fca4.dir/CheckSymbolExists.c.o -MF CMakeFiles/cmTC_6fca4.dir/CheckSymbolExists.c.o.d -o CMakeFiles/cmTC_6fca4.dir/CheckSymbolExists.c.o -c /Users/rkrsn/workspace/raptor-oss/llvm-slicer/cmake-build-debug/CMakeFiles/CMakeScratch/TryCompile-1XiQAn/CheckSymbolExists.c
/Users/rkrsn/workspace/raptor-oss/llvm-slicer/cmake-build-debug/CMakeFiles/CMakeScratch/TryCompile-1XiQAn/CheckSymbolExists.c:8:19: error: use of undeclared identifier '__GLIBC__'
  return ((int*)(&__GLIBC__))[argc];
                  ^
1 error generated.
ninja: build stopped: subcommand failed.


File CheckSymbolExists.c:
/* */
#include <stdio.h>

int main(int argc, char** argv)
{
  (void)argv;
#ifndef __GLIBC__
  return ((int*)(&__GLIBC__))[argc];
#else
  (void)argc;
  return 0;
#endif
}

Performing C SOURCE FILE Test C_SUPPORTS_FNO_SEMANTIC_INTERPOSITION failed with the following output:
Change Dir: /Users/rkrsn/workspace/raptor-oss/llvm-slicer/cmake-build-debug/CMakeFiles/CMakeScratch/TryCompile-ezsDHi

Run Build Command(s):/Applications/CLion.app/Contents/bin/ninja/mac/ninja cmTC_5efc3 && [1/2] Building C object CMakeFiles/cmTC_5efc3.dir/src.c.o
FAILED: CMakeFiles/cmTC_5efc3.dir/src.c.o 
/Library/Developer/CommandLineTools/usr/bin/cc -DC_SUPPORTS_FNO_SEMANTIC_INTERPOSITION  -fPIC  -Werror=unguarded-availability-new -arch arm64 -isysroot /Library/Developer/CommandLineTools/SDKs/MacOSX13.3.sdk -fcolor-diagnostics   -Werror -fno-semantic-interposition -MD -MT CMakeFiles/cmTC_5efc3.dir/src.c.o -MF CMakeFiles/cmTC_5efc3.dir/src.c.o.d -o CMakeFiles/cmTC_5efc3.dir/src.c.o -c /Users/rkrsn/workspace/raptor-oss/llvm-slicer/cmake-build-debug/CMakeFiles/CMakeScratch/TryCompile-ezsDHi/src.c
clang: error: argument unused during compilation: '-fno-semantic-interposition' [-Werror,-Wunused-command-line-argument]
ninja: build stopped: subcommand failed.


Source file was:
int main(void) { return 0; }

Performing C++ SOURCE FILE Test CXX_SUPPORTS_FNO_SEMANTIC_INTERPOSITION failed with the following output:
Change Dir: /Users/rkrsn/workspace/raptor-oss/llvm-slicer/cmake-build-debug/CMakeFiles/CMakeScratch/TryCompile-7pUkgw

Run Build Command(s):/Applications/CLion.app/Contents/bin/ninja/mac/ninja cmTC_7eb1d && [1/2] Building CXX object CMakeFiles/cmTC_7eb1d.dir/src.cxx.o
FAILED: CMakeFiles/cmTC_7eb1d.dir/src.cxx.o 
/Library/Developer/CommandLineTools/usr/bin/c++ -DCXX_SUPPORTS_FNO_SEMANTIC_INTERPOSITION  -fPIC  -Werror=unguarded-availability-new -arch arm64 -isysroot /Library/Developer/CommandLineTools/SDKs/MacOSX13.3.sdk -fcolor-diagnostics   -Werror -fno-semantic-interposition -std=c++14 -MD -MT CMakeFiles/cmTC_7eb1d.dir/src.cxx.o -MF CMakeFiles/cmTC_7eb1d.dir/src.cxx.o.d -o CMakeFiles/cmTC_7eb1d.dir/src.cxx.o -c /Users/rkrsn/workspace/raptor-oss/llvm-slicer/cmake-build-debug/CMakeFiles/CMakeScratch/TryCompile-7pUkgw/src.cxx
clang: error: argument unused during compilation: '-fno-semantic-interposition' [-Werror,-Wunused-command-line-argument]
ninja: build stopped: subcommand failed.


Source file was:
int main() { return 0; }

Performing C++ SOURCE FILE Test CXX_SUPPORTS_CLASS_MEMACCESS_FLAG failed with the following output:
Change Dir: /Users/rkrsn/workspace/raptor-oss/llvm-slicer/cmake-build-debug/CMakeFiles/CMakeScratch/TryCompile-EeC2NQ

Run Build Command(s):/Applications/CLion.app/Contents/bin/ninja/mac/ninja cmTC_e6f39 && [1/2] Building CXX object CMakeFiles/cmTC_e6f39.dir/src.cxx.o
warning: unknown warning option '-Wclass-memaccess'; did you mean '-Wclass-varargs'? [-Wunknown-warning-option]
1 warning generated.
[2/2] Linking CXX executable cmTC_e6f39


Source file was:
int main() { return 0; }

Performing C SOURCE FILE Test C_WCOMMENT_ALLOWS_LINE_WRAP failed with the following output:
Change Dir: /Users/rkrsn/workspace/raptor-oss/llvm-slicer/cmake-build-debug/CMakeFiles/CMakeScratch/TryCompile-fJ29no

Run Build Command(s):/Applications/CLion.app/Contents/bin/ninja/mac/ninja cmTC_bdb9d && [1/2] Building C object CMakeFiles/cmTC_bdb9d.dir/src.c.o
FAILED: CMakeFiles/cmTC_bdb9d.dir/src.c.o 
/Library/Developer/CommandLineTools/usr/bin/cc -DC_WCOMMENT_ALLOWS_LINE_WRAP  -fPIC -Werror=date-time -Werror=unguarded-availability-new -Wall -Wextra -Wno-unused-parameter -Wwrite-strings -Wmissing-field-initializers -pedantic -Wno-long-long -Wc++98-compat-extra-semi -Wimplicit-fallthrough -Wcovered-switch-default -Wdelete-non-virtual-dtor  -Werror=unguarded-availability-new -Werror -Wcomment -arch arm64 -isysroot /Library/Developer/CommandLineTools/SDKs/MacOSX13.3.sdk -fcolor-diagnostics -MD -MT CMakeFiles/cmTC_bdb9d.dir/src.c.o -MF CMakeFiles/cmTC_bdb9d.dir/src.c.o.d -o CMakeFiles/cmTC_bdb9d.dir/src.c.o -c /Users/rkrsn/workspace/raptor-oss/llvm-slicer/cmake-build-debug/CMakeFiles/CMakeScratch/TryCompile-fJ29no/src.c
/Users/rkrsn/workspace/raptor-oss/llvm-slicer/cmake-build-debug/CMakeFiles/CMakeScratch/TryCompile-fJ29no/src.c:3:9: error: a function declaration without a prototype is deprecated in all versions of C [-Werror,-Wstrict-prototypes]
int main() {return 0;}
        ^
         void
1 error generated.
ninja: build stopped: subcommand failed.


Source file was:
// \
//
int main() {return 0;}

Performing C++ SOURCE FILE Test LINKER_SUPPORTS_COLOR_DIAGNOSTICS failed with the following output:
Change Dir: /Users/rkrsn/workspace/raptor-oss/llvm-slicer/cmake-build-debug/CMakeFiles/CMakeScratch/TryCompile-Yl7H3d

Run Build Command(s):/Applications/CLion.app/Contents/bin/ninja/mac/ninja cmTC_fb206 && [1/2] Building CXX object CMakeFiles/cmTC_fb206.dir/src.cxx.o
[2/2] Linking CXX executable cmTC_fb206
FAILED: cmTC_fb206 
: && /Library/Developer/CommandLineTools/usr/bin/c++ -fPIC -fvisibility-inlines-hidden -Werror=date-time -Werror=unguarded-availability-new -Wall -Wextra -Wno-unused-parameter -Wwrite-strings -Wcast-qual -Wmissing-field-initializers -pedantic -Wno-long-long -Wc++98-compat-extra-semi -Wimplicit-fallthrough -Wcovered-switch-default -Wno-noexcept-type -Wnon-virtual-dtor -Wdelete-non-virtual-dtor -Wsuggest-override -Wno-comment -Wstring-conversion -Wmisleading-indentation -fdiagnostics-color  -Werror=unguarded-availability-new -arch arm64 -isysroot /Library/Developer/CommandLineTools/SDKs/MacOSX13.3.sdk -Wl,-search_paths_first -Wl,-headerpad_max_install_names -L/opt/homebrew/opt/llvm@13/lib    -Wl,--color-diagnostics CMakeFiles/cmTC_fb206.dir/src.cxx.o -o cmTC_fb206   && :
ld: unknown option: --color-diagnostics
clang: error: linker command failed with exit code 1 (use -v to see invocation)
ninja: build stopped: subcommand failed.


Source file was:
int main() { return 0; }

Performing C++ SOURCE FILE Test LLVM_HAS_NOGLOBAL_CTOR_MUTEX failed with the following output:
Change Dir: /Users/rkrsn/workspace/raptor-oss/llvm-slicer/cmake-build-debug/CMakeFiles/CMakeScratch/TryCompile-23bG83

Run Build Command(s):/Applications/CLion.app/Contents/bin/ninja/mac/ninja cmTC_cb4f3 && [1/2] Building CXX object CMakeFiles/cmTC_cb4f3.dir/src.cxx.o
FAILED: CMakeFiles/cmTC_cb4f3.dir/src.cxx.o 
/Library/Developer/CommandLineTools/usr/bin/c++ -DLLVM_HAS_NOGLOBAL_CTOR_MUTEX  -fPIC -fvisibility-inlines-hidden -Werror=date-time -Werror=unguarded-availability-new -Wall -Wextra -Wno-unused-parameter -Wwrite-strings -Wcast-qual -Wmissing-field-initializers -pedantic -Wno-long-long -Wc++98-compat-extra-semi -Wimplicit-fallthrough -Wcovered-switch-default -Wno-noexcept-type -Wnon-virtual-dtor -Wdelete-non-virtual-dtor -Wsuggest-override -Wno-comment -Wstring-conversion -Wmisleading-indentation -fdiagnostics-color -Werror=global-constructors  -Werror=unguarded-availability-new -arch arm64 -isysroot /Library/Developer/CommandLineTools/SDKs/MacOSX13.3.sdk -fcolor-diagnostics -std=c++14 -MD -MT CMakeFiles/cmTC_cb4f3.dir/src.cxx.o -MF CMakeFiles/cmTC_cb4f3.dir/src.cxx.o.d -o CMakeFiles/cmTC_cb4f3.dir/src.cxx.o -c /Users/rkrsn/workspace/raptor-oss/llvm-slicer/cmake-build-debug/CMakeFiles/CMakeScratch/TryCompile-23bG83/src.cxx
/Users/rkrsn/workspace/raptor-oss/llvm-slicer/cmake-build-debug/CMakeFiles/CMakeScratch/TryCompile-23bG83/src.cxx:3:21: error: declaration requires a global destructor [-Werror,-Wglobal-constructors]
  static std::mutex TestGlobalCtorDtor;
                    ^
/Users/rkrsn/workspace/raptor-oss/llvm-slicer/cmake-build-debug/CMakeFiles/CMakeScratch/TryCompile-23bG83/src.cxx:4:31: error: declaration requires a global destructor [-Werror,-Wglobal-constructors]
  static std::recursive_mutex TestGlobalCtorDtor2;
                              ^
2 errors generated.
ninja: build stopped: subcommand failed.


Source file was:

  #include <mutex>
  static std::mutex TestGlobalCtorDtor;
  static std::recursive_mutex TestGlobalCtorDtor2;
  int main() { (void)TestGlobalCtorDtor; (void)TestGlobalCtorDtor2; return 0;}
  

Performing C++ SOURCE FILE Test HAVE_CXX_FLAG_WD654 failed with the following output:
Change Dir: /Users/rkrsn/workspace/raptor-oss/llvm-slicer/cmake-build-debug/CMakeFiles/CMakeScratch/TryCompile-k0Obn3

Run Build Command(s):/Applications/CLion.app/Contents/bin/ninja/mac/ninja cmTC_65e50 && [1/2] Building CXX object CMakeFiles/cmTC_65e50.dir/src.cxx.o
FAILED: CMakeFiles/cmTC_65e50.dir/src.cxx.o 
/Library/Developer/CommandLineTools/usr/bin/c++ -DHAVE_CXX_FLAG_WD654  -fPIC -fvisibility-inlines-hidden -Werror=date-time -Werror=unguarded-availability-new -Wall -Wextra -Wno-unused-parameter -Wwrite-strings -Wcast-qual -Wmissing-field-initializers -pedantic -Wno-long-long -Wc++98-compat-extra-semi -Wimplicit-fallthrough -Wcovered-switch-default -Wno-noexcept-type -Wnon-virtual-dtor -Wdelete-non-virtual-dtor -Wsuggest-override -Wno-comment -Wstring-conversion -Wmisleading-indentation -fdiagnostics-color  -std=c++11  -Wall  -Wextra  -Wshadow  -pedantic  -pedantic-errors  -Wshorten-64-to-32  -Wfloat-equal  -fstrict-aliasing  -fno-exceptions  -Wno-suggest-override  -Wstrict-aliasing  -Werror=unguarded-availability-new -wd654 -arch arm64 -isysroot /Library/Developer/CommandLineTools/SDKs/MacOSX13.3.sdk -fcolor-diagnostics   -wd654 -std=c++14 -MD -MT CMakeFiles/cmTC_65e50.dir/src.cxx.o -MF CMakeFiles/cmTC_65e50.dir/src.cxx.o.d -o CMakeFiles/cmTC_65e50.dir/src.cxx.o -c /Users/rkrsn/workspace/raptor-oss/llvm-slicer/cmake-build-debug/CMakeFiles/CMakeScratch/TryCompile-k0Obn3/src.cxx
clang: error: unknown argument: '-wd654'
clang: error: unknown argument: '-wd654'
ninja: build stopped: subcommand failed.


Source file was:
int main() { return 0; }

